2012/03/06 00:36:11 [error] [exception.CHttpException.404] exception 'CHttpException' with message 'Unable to resolve the request "js/bootstrap/bootstrap-alerts.js".' in /Users/mjparinas/Documents/Zimity-PHP/framework/web/CWebApplication.php:280
Stack trace:
#0 /Users/mjparinas/Documents/Zimity-PHP/framework/web/CWebApplication.php(135): CWebApplication->runController('js/bootstrap/bo...')
#1 /Users/mjparinas/Documents/Zimity-PHP/framework/base/CApplication.php(162): CWebApplication->processRequest()
#2 /Users/mjparinas/Documents/Zimity-PHP/index.php(13): CApplication->run()
#3 {main}
REQUEST_URI=/js/bootstrap/bootstrap-alerts.js
HTTP_REFERER=http://localhost:8888/user/view/id/8
---
2012/03/06 00:36:11 [error] [exception.CHttpException.404] exception 'CHttpException' with message 'Unable to resolve the request "js/bootstrap/bootstrap-tabs.js".' in /Users/mjparinas/Documents/Zimity-PHP/framework/web/CWebApplication.php:280
Stack trace:
#0 /Users/mjparinas/Documents/Zimity-PHP/framework/web/CWebApplication.php(135): CWebApplication->runController('js/bootstrap/bo...')
#1 /Users/mjparinas/Documents/Zimity-PHP/framework/base/CApplication.php(162): CWebApplication->processRequest()
#2 /Users/mjparinas/Documents/Zimity-PHP/index.php(13): CApplication->run()
#3 {main}
REQUEST_URI=/js/bootstrap/bootstrap-tabs.js
HTTP_REFERER=http://localhost:8888/user/view/id/8
---
2012/03/06 00:36:11 [error] [exception.CHttpException.404] exception 'CHttpException' with message 'Unable to resolve the request "js/bootstrap/bootstrap-twipsy.js".' in /Users/mjparinas/Documents/Zimity-PHP/framework/web/CWebApplication.php:280
Stack trace:
#0 /Users/mjparinas/Documents/Zimity-PHP/framework/web/CWebApplication.php(135): CWebApplication->runController('js/bootstrap/bo...')
#1 /Users/mjparinas/Documents/Zimity-PHP/framework/base/CApplication.php(162): CWebApplication->processRequest()
#2 /Users/mjparinas/Documents/Zimity-PHP/index.php(13): CApplication->run()
#3 {main}
REQUEST_URI=/js/bootstrap/bootstrap-twipsy.js
HTTP_REFERER=http://localhost:8888/user/view/id/8
---
2012/03/06 00:36:11 [error] [exception.CHttpException.404] exception 'CHttpException' with message 'Unable to resolve the request "js/bootstrap/bootstrap-buttons.js".' in /Users/mjparinas/Documents/Zimity-PHP/framework/web/CWebApplication.php:280
Stack trace:
#0 /Users/mjparinas/Documents/Zimity-PHP/framework/web/CWebApplication.php(135): CWebApplication->runController('js/bootstrap/bo...')
#1 /Users/mjparinas/Documents/Zimity-PHP/framework/base/CApplication.php(162): CWebApplication->processRequest()
#2 /Users/mjparinas/Documents/Zimity-PHP/index.php(13): CApplication->run()
#3 {main}
REQUEST_URI=/js/bootstrap/bootstrap-buttons.js
HTTP_REFERER=http://localhost:8888/user/view/id/8
---
2012/03/06 00:36:11 [error] [exception.CHttpException.404] exception 'CHttpException' with message 'The requested page does not exist.' in /Users/mjparinas/Documents/Zimity-PHP/protected/controllers/UserController.php:160
Stack trace:
#0 /Users/mjparinas/Documents/Zimity-PHP/protected/controllers/UserController.php(54): UserController->loadModel('script.js')
#1 [internal function]: UserController->actionView('script.js')
#2 /Users/mjparinas/Documents/Zimity-PHP/framework/web/actions/CAction.php(107): ReflectionMethod->invokeArgs(Object(UserController), Array)
#3 /Users/mjparinas/Documents/Zimity-PHP/framework/web/actions/CInlineAction.php(48): CAction->runWithParamsInternal(Object(UserController), Object(ReflectionMethod), Array)
#4 /Users/mjparinas/Documents/Zimity-PHP/framework/web/CController.php(309): CInlineAction->runWithParams(Array)
#5 /Users/mjparinas/Documents/Zimity-PHP/framework/web/filters/CFilterChain.php(134): CController->runAction(Object(CInlineAction))
#6 /Users/mjparinas/Documents/Zimity-PHP/framework/web/filters/CFilter.php(41): CFilterChain->run()
#7 /Users/mjparinas/Documents/Zimity-PHP/framework/web/CController.php(1146): CFilter->filter(Object(CFilterChain))
#8 /Users/mjparinas/Documents/Zimity-PHP/framework/web/filters/CInlineFilter.php(59): CController->filterAccessControl(Object(CFilterChain))
#9 /Users/mjparinas/Documents/Zimity-PHP/framework/web/filters/CFilterChain.php(131): CInlineFilter->filter(Object(CFilterChain))
#10 /Users/mjparinas/Documents/Zimity-PHP/framework/web/CController.php(292): CFilterChain->run()
#11 /Users/mjparinas/Documents/Zimity-PHP/framework/web/CController.php(266): CController->runActionWithFilters(Object(CInlineAction), Array)
#12 /Users/mjparinas/Documents/Zimity-PHP/framework/web/CWebApplication.php(276): CController->run('view')
#13 /Users/mjparinas/Documents/Zimity-PHP/framework/web/CWebApplication.php(135): CWebApplication->runController('user/view/id/sc...')
#14 /Users/mjparinas/Documents/Zimity-PHP/framework/base/CApplication.php(162): CWebApplication->processRequest()
#15 /Users/mjparinas/Documents/Zimity-PHP/index.php(13): CApplication->run()
#16 {main}
REQUEST_URI=/user/view/id/script.js
HTTP_REFERER=http://localhost:8888/user/view/id/8
---
2012/03/06 00:36:11 [error] [exception.CHttpException.404] exception 'CHttpException' with message 'The requested page does not exist.' in /Users/mjparinas/Documents/Zimity-PHP/protected/controllers/UserController.php:160
Stack trace:
#0 /Users/mjparinas/Documents/Zimity-PHP/protected/controllers/UserController.php(54): UserController->loadModel('plugins.js')
#1 [internal function]: UserController->actionView('plugins.js')
#2 /Users/mjparinas/Documents/Zimity-PHP/framework/web/actions/CAction.php(107): ReflectionMethod->invokeArgs(Object(UserController), Array)
#3 /Users/mjparinas/Documents/Zimity-PHP/framework/web/actions/CInlineAction.php(48): CAction->runWithParamsInternal(Object(UserController), Object(ReflectionMethod), Array)
#4 /Users/mjparinas/Documents/Zimity-PHP/framework/web/CController.php(309): CInlineAction->runWithParams(Array)
#5 /Users/mjparinas/Documents/Zimity-PHP/framework/web/filters/CFilterChain.php(134): CController->runAction(Object(CInlineAction))
#6 /Users/mjparinas/Documents/Zimity-PHP/framework/web/filters/CFilter.php(41): CFilterChain->run()
#7 /Users/mjparinas/Documents/Zimity-PHP/framework/web/CController.php(1146): CFilter->filter(Object(CFilterChain))
#8 /Users/mjparinas/Documents/Zimity-PHP/framework/web/filters/CInlineFilter.php(59): CController->filterAccessControl(Object(CFilterChain))
#9 /Users/mjparinas/Documents/Zimity-PHP/framework/web/filters/CFilterChain.php(131): CInlineFilter->filter(Object(CFilterChain))
#10 /Users/mjparinas/Documents/Zimity-PHP/framework/web/CController.php(292): CFilterChain->run()
#11 /Users/mjparinas/Documents/Zimity-PHP/framework/web/CController.php(266): CController->runActionWithFilters(Object(CInlineAction), Array)
#12 /Users/mjparinas/Documents/Zimity-PHP/framework/web/CWebApplication.php(276): CController->run('view')
#13 /Users/mjparinas/Documents/Zimity-PHP/framework/web/CWebApplication.php(135): CWebApplication->runController('user/view/id/pl...')
#14 /Users/mjparinas/Documents/Zimity-PHP/framework/base/CApplication.php(162): CWebApplication->processRequest()
#15 /Users/mjparinas/Documents/Zimity-PHP/index.php(13): CApplication->run()
#16 {main}
REQUEST_URI=/user/view/id/plugins.js
HTTP_REFERER=http://localhost:8888/user/view/id/8
---
2012/03/06 00:36:11 [error] [exception.CHttpException.404] exception 'CHttpException' with message 'Unable to resolve the request "img/favicon.ico".' in /Users/mjparinas/Documents/Zimity-PHP/framework/web/CWebApplication.php:280
Stack trace:
#0 /Users/mjparinas/Documents/Zimity-PHP/framework/web/CWebApplication.php(135): CWebApplication->runController('img/favicon.ico')
#1 /Users/mjparinas/Documents/Zimity-PHP/framework/base/CApplication.php(162): CWebApplication->processRequest()
#2 /Users/mjparinas/Documents/Zimity-PHP/index.php(13): CApplication->run()
#3 {main}
REQUEST_URI=/img/favicon.ico
---
2012/03/06 00:36:17 [error] [exception.CHttpException.404] exception 'CHttpException' with message 'Unable to resolve the request "js/bootstrap/bootstrap-tabs.js".' in /Users/mjparinas/Documents/Zimity-PHP/framework/web/CWebApplication.php:280
Stack trace:
#0 /Users/mjparinas/Documents/Zimity-PHP/framework/web/CWebApplication.php(135): CWebApplication->runController('js/bootstrap/bo...')
#1 /Users/mjparinas/Documents/Zimity-PHP/framework/base/CApplication.php(162): CWebApplication->processRequest()
#2 /Users/mjparinas/Documents/Zimity-PHP/index.php(13): CApplication->run()
#3 {main}
REQUEST_URI=/js/bootstrap/bootstrap-tabs.js
HTTP_REFERER=http://localhost:8888/user/view/id/8
---
2012/03/06 00:36:17 [error] [exception.CHttpException.404] exception 'CHttpException' with message 'The requested page does not exist.' in /Users/mjparinas/Documents/Zimity-PHP/protected/controllers/UserController.php:160
Stack trace:
#0 /Users/mjparinas/Documents/Zimity-PHP/protected/controllers/UserController.php(54): UserController->loadModel('libs')
#1 [internal function]: UserController->actionView('libs')
#2 /Users/mjparinas/Documents/Zimity-PHP/framework/web/actions/CAction.php(107): ReflectionMethod->invokeArgs(Object(UserController), Array)
#3 /Users/mjparinas/Documents/Zimity-PHP/framework/web/actions/CInlineAction.php(48): CAction->runWithParamsInternal(Object(UserController), Object(ReflectionMethod), Array)
#4 /Users/mjparinas/Documents/Zimity-PHP/framework/web/CController.php(309): CInlineAction->runWithParams(Array)
#5 /Users/mjparinas/Documents/Zimity-PHP/framework/web/filters/CFilterChain.php(134): CController->runAction(Object(CInlineAction))
#6 /Users/mjparinas/Documents/Zimity-PHP/framework/web/filters/CFilter.php(41): CFilterChain->run()
#7 /Users/mjparinas/Documents/Zimity-PHP/framework/web/CController.php(1146): CFilter->filter(Object(CFilterChain))
#8 /Users/mjparinas/Documents/Zimity-PHP/framework/web/filters/CInlineFilter.php(59): CController->filterAccessControl(Object(CFilterChain))
#9 /Users/mjparinas/Documents/Zimity-PHP/framework/web/filters/CFilterChain.php(131): CInlineFilter->filter(Object(CFilterChain))
#10 /Users/mjparinas/Documents/Zimity-PHP/framework/web/CController.php(292): CFilterChain->run()
#11 /Users/mjparinas/Documents/Zimity-PHP/framework/web/CController.php(266): CController->runActionWithFilters(Object(CInlineAction), Array)
#12 /Users/mjparinas/Documents/Zimity-PHP/framework/web/CWebApplication.php(276): CController->run('view')
#13 /Users/mjparinas/Documents/Zimity-PHP/framework/web/CWebApplication.php(135): CWebApplication->runController('user/view/id/li...')
#14 /Users/mjparinas/Documents/Zimity-PHP/framework/base/CApplication.php(162): CWebApplication->processRequest()
#15 /Users/mjparinas/Documents/Zimity-PHP/index.php(13): CApplication->run()
#16 {main}
REQUEST_URI=/user/view/id/libs/modernizr-2.0.6.min.js
HTTP_REFERER=http://localhost:8888/user/view/id/8
---
2012/03/06 00:36:17 [error] [exception.CHttpException.404] exception 'CHttpException' with message 'Unable to resolve the request "js/bootstrap/bootstrap-buttons.js".' in /Users/mjparinas/Documents/Zimity-PHP/framework/web/CWebApplication.php:280
Stack trace:
#0 /Users/mjparinas/Documents/Zimity-PHP/framework/web/CWebApplication.php(135): CWebApplication->runController('js/bootstrap/bo...')
#1 /Users/mjparinas/Documents/Zimity-PHP/framework/base/CApplication.php(162): CWebApplication->processRequest()
#2 /Users/mjparinas/Documents/Zimity-PHP/index.php(13): CApplication->run()
#3 {main}
REQUEST_URI=/js/bootstrap/bootstrap-buttons.js
HTTP_REFERER=http://localhost:8888/user/view/id/8
---
2012/03/06 00:36:17 [error] [exception.CHttpException.404] exception 'CHttpException' with message 'Unable to resolve the request "js/bootstrap/bootstrap-twipsy.js".' in /Users/mjparinas/Documents/Zimity-PHP/framework/web/CWebApplication.php:280
Stack trace:
#0 /Users/mjparinas/Documents/Zimity-PHP/framework/web/CWebApplication.php(135): CWebApplication->runController('js/bootstrap/bo...')
#1 /Users/mjparinas/Documents/Zimity-PHP/framework/base/CApplication.php(162): CWebApplication->processRequest()
#2 /Users/mjparinas/Documents/Zimity-PHP/index.php(13): CApplication->run()
#3 {main}
REQUEST_URI=/js/bootstrap/bootstrap-twipsy.js
HTTP_REFERER=http://localhost:8888/user/view/id/8
---
2012/03/06 00:36:17 [error] [exception.CHttpException.404] exception 'CHttpException' with message 'Unable to resolve the request "js/bootstrap/bootstrap-alerts.js".' in /Users/mjparinas/Documents/Zimity-PHP/framework/web/CWebApplication.php:280
Stack trace:
#0 /Users/mjparinas/Documents/Zimity-PHP/framework/web/CWebApplication.php(135): CWebApplication->runController('js/bootstrap/bo...')
#1 /Users/mjparinas/Documents/Zimity-PHP/framework/base/CApplication.php(162): CWebApplication->processRequest()
#2 /Users/mjparinas/Documents/Zimity-PHP/index.php(13): CApplication->run()
#3 {main}
REQUEST_URI=/js/bootstrap/bootstrap-alerts.js
HTTP_REFERER=http://localhost:8888/user/view/id/8
---
2012/03/06 00:36:17 [error] [exception.CHttpException.404] exception 'CHttpException' with message 'The requested page does not exist.' in /Users/mjparinas/Documents/Zimity-PHP/protected/controllers/UserController.php:160
Stack trace:
#0 /Users/mjparinas/Documents/Zimity-PHP/protected/controllers/UserController.php(54): UserController->loadModel('plugins.js')
#1 [internal function]: UserController->actionView('plugins.js')
#2 /Users/mjparinas/Documents/Zimity-PHP/framework/web/actions/CAction.php(107): ReflectionMethod->invokeArgs(Object(UserController), Array)
#3 /Users/mjparinas/Documents/Zimity-PHP/framework/web/actions/CInlineAction.php(48): CAction->runWithParamsInternal(Object(UserController), Object(ReflectionMethod), Array)
#4 /Users/mjparinas/Documents/Zimity-PHP/framework/web/CController.php(309): CInlineAction->runWithParams(Array)
#5 /Users/mjparinas/Documents/Zimity-PHP/framework/web/filters/CFilterChain.php(134): CController->runAction(Object(CInlineAction))
#6 /Users/mjparinas/Documents/Zimity-PHP/framework/web/filters/CFilter.php(41): CFilterChain->run()
#7 /Users/mjparinas/Documents/Zimity-PHP/framework/web/CController.php(1146): CFilter->filter(Object(CFilterChain))
#8 /Users/mjparinas/Documents/Zimity-PHP/framework/web/filters/CInlineFilter.php(59): CController->filterAccessControl(Object(CFilterChain))
#9 /Users/mjparinas/Documents/Zimity-PHP/framework/web/filters/CFilterChain.php(131): CInlineFilter->filter(Object(CFilterChain))
#10 /Users/mjparinas/Documents/Zimity-PHP/framework/web/CController.php(292): CFilterChain->run()
#11 /Users/mjparinas/Documents/Zimity-PHP/framework/web/CController.php(266): CController->runActionWithFilters(Object(CInlineAction), Array)
#12 /Users/mjparinas/Documents/Zimity-PHP/framework/web/CWebApplication.php(276): CController->run('view')
#13 /Users/mjparinas/Documents/Zimity-PHP/framework/web/CWebApplication.php(135): CWebApplication->runController('user/view/id/pl...')
#14 /Users/mjparinas/Documents/Zimity-PHP/framework/base/CApplication.php(162): CWebApplication->processRequest()
#15 /Users/mjparinas/Documents/Zimity-PHP/index.php(13): CApplication->run()
#16 {main}
REQUEST_URI=/user/view/id/plugins.js
HTTP_REFERER=http://localhost:8888/user/view/id/8
---
2012/03/06 00:36:17 [error] [exception.CHttpException.404] exception 'CHttpException' with message 'The requested page does not exist.' in /Users/mjparinas/Documents/Zimity-PHP/protected/controllers/UserController.php:160
Stack trace:
#0 /Users/mjparinas/Documents/Zimity-PHP/protected/controllers/UserController.php(54): UserController->loadModel('script.js')
#1 [internal function]: UserController->actionView('script.js')
#2 /Users/mjparinas/Documents/Zimity-PHP/framework/web/actions/CAction.php(107): ReflectionMethod->invokeArgs(Object(UserController), Array)
#3 /Users/mjparinas/Documents/Zimity-PHP/framework/web/actions/CInlineAction.php(48): CAction->runWithParamsInternal(Object(UserController), Object(ReflectionMethod), Array)
#4 /Users/mjparinas/Documents/Zimity-PHP/framework/web/CController.php(309): CInlineAction->runWithParams(Array)
#5 /Users/mjparinas/Documents/Zimity-PHP/framework/web/filters/CFilterChain.php(134): CController->runAction(Object(CInlineAction))
#6 /Users/mjparinas/Documents/Zimity-PHP/framework/web/filters/CFilter.php(41): CFilterChain->run()
#7 /Users/mjparinas/Documents/Zimity-PHP/framework/web/CController.php(1146): CFilter->filter(Object(CFilterChain))
#8 /Users/mjparinas/Documents/Zimity-PHP/framework/web/filters/CInlineFilter.php(59): CController->filterAccessControl(Object(CFilterChain))
#9 /Users/mjparinas/Documents/Zimity-PHP/framework/web/filters/CFilterChain.php(131): CInlineFilter->filter(Object(CFilterChain))
#10 /Users/mjparinas/Documents/Zimity-PHP/framework/web/CController.php(292): CFilterChain->run()
#11 /Users/mjparinas/Documents/Zimity-PHP/framework/web/CController.php(266): CController->runActionWithFilters(Object(CInlineAction), Array)
#12 /Users/mjparinas/Documents/Zimity-PHP/framework/web/CWebApplication.php(276): CController->run('view')
#13 /Users/mjparinas/Documents/Zimity-PHP/framework/web/CWebApplication.php(135): CWebApplication->runController('user/view/id/sc...')
#14 /Users/mjparinas/Documents/Zimity-PHP/framework/base/CApplication.php(162): CWebApplication->processRequest()
#15 /Users/mjparinas/Documents/Zimity-PHP/index.php(13): CApplication->run()
#16 {main}
REQUEST_URI=/user/view/id/script.js
HTTP_REFERER=http://localhost:8888/user/view/id/8
---
2012/03/06 00:36:17 [error] [exception.CHttpException.404] exception 'CHttpException' with message 'Unable to resolve the request "img/favicon.ico".' in /Users/mjparinas/Documents/Zimity-PHP/framework/web/CWebApplication.php:280
Stack trace:
#0 /Users/mjparinas/Documents/Zimity-PHP/framework/web/CWebApplication.php(135): CWebApplication->runController('img/favicon.ico')
#1 /Users/mjparinas/Documents/Zimity-PHP/framework/base/CApplication.php(162): CWebApplication->processRequest()
#2 /Users/mjparinas/Documents/Zimity-PHP/index.php(13): CApplication->run()
#3 {main}
REQUEST_URI=/img/favicon.ico
---
